2024-10-02 20:58:09,502 - INFO - Successfully processed _android/com.greenaddress.greenbits_android_wallet.md
2024-10-02 20:58:09,504 - INFO - Successfully processed _android/com.coinspace.app.md
2024-10-02 20:58:09,506 - INFO - Successfully processed _android/com.selendra.secure_wallet.md
2024-10-02 20:58:09,511 - INFO - Successfully processed _android/com.samourai.wallet.md
2024-10-02 20:58:09,512 - INFO - Successfully processed _android/com.coinninja.coinkeeper.md
2024-10-02 20:58:09,514 - INFO - Successfully processed _android/com.mycelium.wallet.md
2024-10-02 20:58:09,518 - INFO - Successfully processed _android/com.komodoplatform.atomicdex.md
2024-10-02 20:58:09,531 - INFO - Successfully processed _android/org.bitcoin.wallet.md
2024-10-02 20:58:09,532 - INFO - Successfully processed _android/com.gemwallet.android.md
2024-10-02 20:58:09,537 - INFO - Successfully processed _android/com.breez.client.md
2024-10-02 20:58:09,539 - INFO - Successfully processed _android/co.hodlwallet.md
2024-10-02 20:58:09,541 - INFO - Successfully processed _android/com.greenaddress.abcore.md
2024-10-02 20:58:09,544 - INFO - Successfully processed _android/com.foundationdevices.envoy.md
2024-10-02 20:58:09,546 - INFO - Successfully processed _android/zapsolutions.zap.md
2024-10-02 20:58:09,549 - INFO - Successfully processed _android/cash.p.terminal.md
2024-10-02 20:58:09,551 - INFO - Successfully processed _android/it.airgap.vault.md
2024-10-02 20:58:09,552 - INFO - Successfully processed _android/app.zeusln.zeus.md
2024-10-02 20:58:09,555 - INFO - Successfully processed _android/com.bitpay.wallet.md
2024-10-02 20:58:09,558 - INFO - Successfully processed _android/com.bullbitcoin.mobile.md
2024-10-02 20:58:09,566 - INFO - Successfully processed _android/io.bluewallet.bluewallet.md
2024-10-02 20:58:09,567 - INFO - Successfully processed _android/coffee.software.coffeewallet.md
2024-10-02 20:58:09,569 - INFO - Successfully processed _android/io.nunchuk.android.md
2024-10-02 20:58:09,573 - INFO - Successfully processed _android/co.edgesecure.app.md
2024-10-02 20:58:09,575 - INFO - Successfully processed _android/com.spark.wallet.md
2024-10-02 20:58:09,576 - INFO - Successfully processed _android/com.incognito.wallet.md
2024-10-02 20:58:09,577 - INFO - Successfully processed _android/com.shapeshift.droid_shapeshift.md
2024-10-02 20:58:09,582 - INFO - Successfully processed _android/io.ob1.nativeandroid.md
2024-10-02 20:58:09,589 - INFO - Successfully processed _android/im.adamant.adamantmessengerpwa.md
2024-10-02 20:58:09,592 - INFO - Successfully processed _android/io.horizontalsystems.bankwallet.md
2024-10-02 20:58:09,593 - INFO - Successfully processed _android/com.btcontract.wallet.md
2024-10-02 20:58:09,596 - INFO - Successfully processed _android/com.defiwalletmobile.md
2024-10-02 20:58:09,602 - INFO - Successfully processed _android/com.mojitowallet.md
2024-10-02 20:58:09,606 - INFO - Successfully processed _android/io.muun.apollo.md
2024-10-02 20:58:09,606 - INFO - Successfully processed _android/com.atomex.android.md
2024-10-02 20:58:09,608 - INFO - Successfully processed _android/com.blixtwallet.md
2024-10-02 20:58:09,613 - INFO - Successfully processed _android/fr.acinq.phoenix.mainnet.md
2024-10-02 20:58:09,614 - INFO - Successfully processed _android/de.schildbach.wallet.md
2024-10-02 20:58:09,617 - INFO - Successfully processed _android/world.bitkey.app.md
2024-10-02 20:58:09,621 - INFO - Successfully processed _android/org.missmonacoin.monya.md
2024-10-02 20:58:09,622 - INFO - Successfully processed _android/to.bitkit.md
2024-10-02 20:58:09,625 - INFO - Successfully processed _android/ch.swissbitcoinpay.checkout.md
2024-10-02 20:58:09,631 - INFO - Successfully processed _android/org.electrum.electrum.md
2024-10-02 20:58:09,639 - INFO - Successfully processed 42 files.
